<!DOCTYPE html>
<html>
<head>
<meta http-equiv="Content-Type" content="text/html; charset=utf-8"/>
<meta http-equiv="x-ua-compatible" content="IE=edge"/>
<title>Test results - Class Test</title>
<link href="../css/base-style.css" rel="stylesheet" type="text/css"/>
<link href="../css/style.css" rel="stylesheet" type="text/css"/>
<script src="../js/report.js" type="text/javascript"></script>
</head>
<body>
<div id="content">
<h1>Class Test</h1>
<div class="breadcrumbs">
<a href="../index.html">all</a> &gt; 
<a href="../packages/default-package.html">default-package</a> &gt; Test</div>
<div id="summary">
<table>
<tr>
<td>
<div class="summaryGroup">
<table>
<tr>
<td>
<div class="infoBox" id="tests">
<div class="counter">89</div>
<p>tests</p>
</div>
</td>
<td>
<div class="infoBox" id="failures">
<div class="counter">2</div>
<p>failures</p>
</div>
</td>
<td>
<div class="infoBox" id="ignored">
<div class="counter">0</div>
<p>ignored</p>
</div>
</td>
<td>
<div class="infoBox" id="duration">
<div class="counter">0.172s</div>
<p>duration</p>
</div>
</td>
</tr>
</table>
</div>
</td>
<td>
<div class="infoBox failures" id="successRate">
<div class="percent">97%</div>
<p>successful</p>
</div>
</td>
</tr>
</table>
</div>
<div id="tabs">
<ul class="tabLinks">
<li>
<a href="#tab0">Failed tests</a>
</li>
<li>
<a href="#tab1">Tests</a>
</li>
</ul>
<div id="tab0" class="tab">
<h2>Failed tests</h2>
<div class="test">
<a name="testPhotoshopImplementation(String, String)[1]"></a>
<h3 class="failures">[1] yes
simba
borders
, ###################
# ┈╱▔╲▂╱╱╱╱▂╱▔╲┈┈ #
# ▕▔╲┈╱▔╲┈┈╱╲╱▔▏┈ #
# ▕▏┈▏╱▉╲┈┈╱▉╲▕▏┈ #
# ┈╲▃▏▔▔▔╲▂▂▂▕╱┈┈ #
# ┈┈┈▏┊┊┳┊╲▂╱┳▏┈┈ #
# ┈┈▕╲▂┊╰━━┻━╱┈┈┈ #
# ┈┈╱┈┈▔▔╲▂▂╱╲┈┈┈ #
###################</h3>
<span class="code">
<pre>java.lang.AssertionError: You applied the photoshop filters incorrect, for the input: yes
simba
borders
 the filtered image must be
###################
# ┈╱▔╲▂╱╱╱╱▂╱▔╲┈┈ #
# ▕▔╲┈╱▔╲┈┈╱╲╱▔▏┈ #
# ▕▏┈▏╱▉╲┈┈╱▉╲▕▏┈ #
# ┈╲▃▏▔▔▔╲▂▂▂▕╱┈┈ #
# ┈┈┈▏┊┊┳┊╲▂╱┳▏┈┈ #
# ┈┈▕╲▂┊╰━━┻━╱┈┈┈ #
# ┈┈╱┈┈▔▔╲▂▂╱╲┈┈┈ #
###################
	at Test.testPhotoshopImplementation(Tests.kt:134)
	at java.base/jdk.internal.reflect.DirectMethodHandleAccessor.invoke(DirectMethodHandleAccessor.java:103)
	at java.base/java.lang.reflect.Method.invoke(Method.java:580)
	at org.junit.platform.commons.util.ReflectionUtils.invokeMethod(ReflectionUtils.java:727)
	at org.junit.jupiter.engine.execution.MethodInvocation.proceed(MethodInvocation.java:60)
	at org.junit.jupiter.engine.execution.InvocationInterceptorChain$ValidatingInvocation.proceed(InvocationInterceptorChain.java:131)
	at org.junit.jupiter.engine.extension.TimeoutExtension.intercept(TimeoutExtension.java:156)
	at org.junit.jupiter.engine.extension.TimeoutExtension.interceptTestableMethod(TimeoutExtension.java:147)
	at org.junit.jupiter.engine.extension.TimeoutExtension.interceptTestTemplateMethod(TimeoutExtension.java:94)
	at org.junit.jupiter.engine.execution.InterceptingExecutableInvoker$ReflectiveInterceptorCall.lambda$ofVoidMethod$0(InterceptingExecutableInvoker.java:103)
	at org.junit.jupiter.engine.execution.InterceptingExecutableInvoker.lambda$invoke$0(InterceptingExecutableInvoker.java:93)
	at org.junit.jupiter.engine.execution.InvocationInterceptorChain$InterceptedInvocation.proceed(InvocationInterceptorChain.java:106)
	at org.junit.jupiter.engine.execution.InvocationInterceptorChain.proceed(InvocationInterceptorChain.java:64)
	at org.junit.jupiter.engine.execution.InvocationInterceptorChain.chainAndInvoke(InvocationInterceptorChain.java:45)
	at org.junit.jupiter.engine.execution.InvocationInterceptorChain.invoke(InvocationInterceptorChain.java:37)
	at org.junit.jupiter.engine.execution.InterceptingExecutableInvoker.invoke(InterceptingExecutableInvoker.java:92)
	at org.junit.jupiter.engine.execution.InterceptingExecutableInvoker.invoke(InterceptingExecutableInvoker.java:86)
	at org.junit.jupiter.engine.descriptor.TestMethodTestDescriptor.lambda$invokeTestMethod$7(TestMethodTestDescriptor.java:217)
	at org.junit.platform.engine.support.hierarchical.ThrowableCollector.execute(ThrowableCollector.java:73)
	at org.junit.jupiter.engine.descriptor.TestMethodTestDescriptor.invokeTestMethod(TestMethodTestDescriptor.java:213)
	at org.junit.jupiter.engine.descriptor.TestMethodTestDescriptor.execute(TestMethodTestDescriptor.java:138)
	at org.junit.jupiter.engine.descriptor.TestMethodTestDescriptor.execute(TestMethodTestDescriptor.java:68)
	at org.junit.platform.engine.support.hierarchical.NodeTestTask.lambda$executeRecursively$6(NodeTestTask.java:151)
	at org.junit.platform.engine.support.hierarchical.ThrowableCollector.execute(ThrowableCollector.java:73)
	at org.junit.platform.engine.support.hierarchical.NodeTestTask.lambda$executeRecursively$8(NodeTestTask.java:141)
	at org.junit.platform.engine.support.hierarchical.Node.around(Node.java:137)
	at org.junit.platform.engine.support.hierarchical.NodeTestTask.lambda$executeRecursively$9(NodeTestTask.java:139)
	at org.junit.platform.engine.support.hierarchical.ThrowableCollector.execute(ThrowableCollector.java:73)
	at org.junit.platform.engine.support.hierarchical.NodeTestTask.executeRecursively(NodeTestTask.java:138)
	at org.junit.platform.engine.support.hierarchical.NodeTestTask.execute(NodeTestTask.java:95)
	at org.junit.platform.engine.support.hierarchical.SameThreadHierarchicalTestExecutorService.submit(SameThreadHierarchicalTestExecutorService.java:35)
	at org.junit.platform.engine.support.hierarchical.NodeTestTask$DefaultDynamicTestExecutor.execute(NodeTestTask.java:226)
	at org.junit.platform.engine.support.hierarchical.NodeTestTask$DefaultDynamicTestExecutor.execute(NodeTestTask.java:204)
	at org.junit.jupiter.engine.descriptor.TestTemplateTestDescriptor.execute(TestTemplateTestDescriptor.java:142)
	at org.junit.jupiter.engine.descriptor.TestTemplateTestDescriptor.lambda$execute$2(TestTemplateTestDescriptor.java:110)
	at java.base/java.util.stream.ForEachOps$ForEachOp$OfRef.accept(ForEachOps.java:184)
	at java.base/java.util.stream.ReferencePipeline$3$1.accept(ReferencePipeline.java:197)
	at java.base/java.util.stream.ReferencePipeline$2$1.accept(ReferencePipeline.java:179)
	at java.base/java.util.stream.ReferencePipeline$3$1.accept(ReferencePipeline.java:197)
	at java.base/java.util.stream.ForEachOps$ForEachOp$OfRef.accept(ForEachOps.java:184)
	at java.base/java.util.stream.ReferencePipeline$3$1.accept(ReferencePipeline.java:197)
	at java.base/java.util.stream.ReferencePipeline$3$1.accept(ReferencePipeline.java:197)
	at java.base/java.util.stream.ReferencePipeline$3$1.accept(ReferencePipeline.java:197)
	at java.base/java.util.stream.ForEachOps$ForEachOp$OfRef.accept(ForEachOps.java:184)
	at java.base/java.util.stream.ReferencePipeline$3$1.accept(ReferencePipeline.java:197)
	at java.base/java.util.Spliterators$ArraySpliterator.forEachRemaining(Spliterators.java:1024)
	at java.base/java.util.stream.ReferencePipeline$Head.forEach(ReferencePipeline.java:762)
	at java.base/java.util.stream.ReferencePipeline$7$1.accept(ReferencePipeline.java:276)
	at java.base/java.util.stream.ReferencePipeline$3$1.accept(ReferencePipeline.java:197)
	at java.base/java.util.stream.ReferencePipeline$3$1.accept(ReferencePipeline.java:197)
	at java.base/java.util.Spliterators$ArraySpliterator.forEachRemaining(Spliterators.java:1024)
	at java.base/java.util.stream.AbstractPipeline.copyInto(AbstractPipeline.java:509)
	at java.base/java.util.stream.AbstractPipeline.wrapAndCopyInto(AbstractPipeline.java:499)
	at java.base/java.util.stream.ForEachOps$ForEachOp.evaluateSequential(ForEachOps.java:151)
	at java.base/java.util.stream.ForEachOps$ForEachOp$OfRef.evaluateSequential(ForEachOps.java:174)
	at java.base/java.util.stream.AbstractPipeline.evaluate(AbstractPipeline.java:234)
	at java.base/java.util.stream.ReferencePipeline.forEach(ReferencePipeline.java:596)
	at java.base/java.util.stream.ReferencePipeline$7$1.accept(ReferencePipeline.java:276)
	at java.base/java.util.stream.ReferencePipeline$3$1.accept(ReferencePipeline.java:197)
	at java.base/java.util.stream.ReferencePipeline$3$1.accept(ReferencePipeline.java:197)
	at java.base/java.util.stream.ReferencePipeline$3$1.accept(ReferencePipeline.java:197)
	at java.base/java.util.ArrayList$ArrayListSpliterator.forEachRemaining(ArrayList.java:1708)
	at java.base/java.util.stream.AbstractPipeline.copyInto(AbstractPipeline.java:509)
	at java.base/java.util.stream.AbstractPipeline.wrapAndCopyInto(AbstractPipeline.java:499)
	at java.base/java.util.stream.ForEachOps$ForEachOp.evaluateSequential(ForEachOps.java:151)
	at java.base/java.util.stream.ForEachOps$ForEachOp$OfRef.evaluateSequential(ForEachOps.java:174)
	at java.base/java.util.stream.AbstractPipeline.evaluate(AbstractPipeline.java:234)
	at java.base/java.util.stream.ReferencePipeline.forEach(ReferencePipeline.java:596)
	at java.base/java.util.stream.ReferencePipeline$7$1.accept(ReferencePipeline.java:276)
	at java.base/java.util.ArrayList$ArrayListSpliterator.forEachRemaining(ArrayList.java:1708)
	at java.base/java.util.stream.AbstractPipeline.copyInto(AbstractPipeline.java:509)
	at java.base/java.util.stream.AbstractPipeline.wrapAndCopyInto(AbstractPipeline.java:499)
	at java.base/java.util.stream.ForEachOps$ForEachOp.evaluateSequential(ForEachOps.java:151)
	at java.base/java.util.stream.ForEachOps$ForEachOp$OfRef.evaluateSequential(ForEachOps.java:174)
	at java.base/java.util.stream.AbstractPipeline.evaluate(AbstractPipeline.java:234)
	at java.base/java.util.stream.ReferencePipeline.forEach(ReferencePipeline.java:596)
	at org.junit.jupiter.engine.descriptor.TestTemplateTestDescriptor.execute(TestTemplateTestDescriptor.java:110)
	at org.junit.jupiter.engine.descriptor.TestTemplateTestDescriptor.execute(TestTemplateTestDescriptor.java:44)
	at org.junit.platform.engine.support.hierarchical.NodeTestTask.lambda$executeRecursively$6(NodeTestTask.java:151)
	at org.junit.platform.engine.support.hierarchical.ThrowableCollector.execute(ThrowableCollector.java:73)
	at org.junit.platform.engine.support.hierarchical.NodeTestTask.lambda$executeRecursively$8(NodeTestTask.java:141)
	at org.junit.platform.engine.support.hierarchical.Node.around(Node.java:137)
	at org.junit.platform.engine.support.hierarchical.NodeTestTask.lambda$executeRecursively$9(NodeTestTask.java:139)
	at org.junit.platform.engine.support.hierarchical.ThrowableCollector.execute(ThrowableCollector.java:73)
	at org.junit.platform.engine.support.hierarchical.NodeTestTask.executeRecursively(NodeTestTask.java:138)
	at org.junit.platform.engine.support.hierarchical.NodeTestTask.execute(NodeTestTask.java:95)
	at java.base/java.util.ArrayList.forEach(ArrayList.java:1596)
	at org.junit.platform.engine.support.hierarchical.SameThreadHierarchicalTestExecutorService.invokeAll(SameThreadHierarchicalTestExecutorService.java:41)
	at org.junit.platform.engine.support.hierarchical.NodeTestTask.lambda$executeRecursively$6(NodeTestTask.java:155)
	at org.junit.platform.engine.support.hierarchical.ThrowableCollector.execute(ThrowableCollector.java:73)
	at org.junit.platform.engine.support.hierarchical.NodeTestTask.lambda$executeRecursively$8(NodeTestTask.java:141)
	at org.junit.platform.engine.support.hierarchical.Node.around(Node.java:137)
	at org.junit.platform.engine.support.hierarchical.NodeTestTask.lambda$executeRecursively$9(NodeTestTask.java:139)
	at org.junit.platform.engine.support.hierarchical.ThrowableCollector.execute(ThrowableCollector.java:73)
	at org.junit.platform.engine.support.hierarchical.NodeTestTask.executeRecursively(NodeTestTask.java:138)
	at org.junit.platform.engine.support.hierarchical.NodeTestTask.execute(NodeTestTask.java:95)
	at java.base/java.util.ArrayList.forEach(ArrayList.java:1596)
	at org.junit.platform.engine.support.hierarchical.SameThreadHierarchicalTestExecutorService.invokeAll(SameThreadHierarchicalTestExecutorService.java:41)
	at org.junit.platform.engine.support.hierarchical.NodeTestTask.lambda$executeRecursively$6(NodeTestTask.java:155)
	at org.junit.platform.engine.support.hierarchical.ThrowableCollector.execute(ThrowableCollector.java:73)
	at org.junit.platform.engine.support.hierarchical.NodeTestTask.lambda$executeRecursively$8(NodeTestTask.java:141)
	at org.junit.platform.engine.support.hierarchical.Node.around(Node.java:137)
	at org.junit.platform.engine.support.hierarchical.NodeTestTask.lambda$executeRecursively$9(NodeTestTask.java:139)
	at org.junit.platform.engine.support.hierarchical.ThrowableCollector.execute(ThrowableCollector.java:73)
	at org.junit.platform.engine.support.hierarchical.NodeTestTask.executeRecursively(NodeTestTask.java:138)
	at org.junit.platform.engine.support.hierarchical.NodeTestTask.execute(NodeTestTask.java:95)
	at org.junit.platform.engine.support.hierarchical.SameThreadHierarchicalTestExecutorService.submit(SameThreadHierarchicalTestExecutorService.java:35)
	at org.junit.platform.engine.support.hierarchical.HierarchicalTestExecutor.execute(HierarchicalTestExecutor.java:57)
	at org.junit.platform.engine.support.hierarchical.HierarchicalTestEngine.execute(HierarchicalTestEngine.java:54)
	at org.junit.platform.launcher.core.EngineExecutionOrchestrator.execute(EngineExecutionOrchestrator.java:147)
	at org.junit.platform.launcher.core.EngineExecutionOrchestrator.execute(EngineExecutionOrchestrator.java:127)
	at org.junit.platform.launcher.core.EngineExecutionOrchestrator.execute(EngineExecutionOrchestrator.java:90)
	at org.junit.platform.launcher.core.EngineExecutionOrchestrator.lambda$execute$0(EngineExecutionOrchestrator.java:55)
	at org.junit.platform.launcher.core.EngineExecutionOrchestrator.withInterceptedStreams(EngineExecutionOrchestrator.java:102)
	at org.junit.platform.launcher.core.EngineExecutionOrchestrator.execute(EngineExecutionOrchestrator.java:54)
	at org.junit.platform.launcher.core.DefaultLauncher.execute(DefaultLauncher.java:114)
	at org.junit.platform.launcher.core.DefaultLauncher.execute(DefaultLauncher.java:86)
	at org.junit.platform.launcher.core.DefaultLauncherSession$DelegatingLauncher.execute(DefaultLauncherSession.java:86)
	at org.gradle.api.internal.tasks.testing.junitplatform.JUnitPlatformTestClassProcessor$CollectAllTestClassesExecutor.processAllTestClasses(JUnitPlatformTestClassProcessor.java:124)
	at org.gradle.api.internal.tasks.testing.junitplatform.JUnitPlatformTestClassProcessor$CollectAllTestClassesExecutor.access$000(JUnitPlatformTestClassProcessor.java:99)
	at org.gradle.api.internal.tasks.testing.junitplatform.JUnitPlatformTestClassProcessor.stop(JUnitPlatformTestClassProcessor.java:94)
	at org.gradle.api.internal.tasks.testing.SuiteTestClassProcessor.stop(SuiteTestClassProcessor.java:63)
	at java.base/jdk.internal.reflect.DirectMethodHandleAccessor.invoke(DirectMethodHandleAccessor.java:103)
	at java.base/java.lang.reflect.Method.invoke(Method.java:580)
	at org.gradle.internal.dispatch.ReflectionDispatch.dispatch(ReflectionDispatch.java:36)
	at org.gradle.internal.dispatch.ReflectionDispatch.dispatch(ReflectionDispatch.java:24)
	at org.gradle.internal.dispatch.ContextClassLoaderDispatch.dispatch(ContextClassLoaderDispatch.java:33)
	at org.gradle.internal.dispatch.ProxyDispatchAdapter$DispatchingInvocationHandler.invoke(ProxyDispatchAdapter.java:92)
	at jdk.proxy1/jdk.proxy1.$Proxy4.stop(Unknown Source)
	at org.gradle.api.internal.tasks.testing.worker.TestWorker$3.run(TestWorker.java:200)
	at org.gradle.api.internal.tasks.testing.worker.TestWorker.executeAndMaintainThreadName(TestWorker.java:132)
	at org.gradle.api.internal.tasks.testing.worker.TestWorker.execute(TestWorker.java:103)
	at org.gradle.api.internal.tasks.testing.worker.TestWorker.execute(TestWorker.java:63)
	at org.gradle.process.internal.worker.child.ActionExecutionWorker.execute(ActionExecutionWorker.java:56)
	at org.gradle.process.internal.worker.child.SystemApplicationClassLoaderWorker.call(SystemApplicationClassLoaderWorker.java:121)
	at org.gradle.process.internal.worker.child.SystemApplicationClassLoaderWorker.call(SystemApplicationClassLoaderWorker.java:71)
	at worker.org.gradle.process.internal.worker.GradleWorkerMain.run(GradleWorkerMain.java:69)
	at worker.org.gradle.process.internal.worker.GradleWorkerMain.main(GradleWorkerMain.java:74)
</pre>
</span>
</div>
<div class="test">
<a name="testPhotoshopImplementation(String, String)[2]"></a>
<h3 class="failures">[2] yes
simba
squared
, ######################################
# ┈╱▔╲▂╱╱╱╱▂╱▔╲┈┈ ## ┈╱▔╲▂╱╱╱╱▂╱▔╲┈┈ #
# ▕▔╲┈╱▔╲┈┈╱╲╱▔▏┈ ## ▕▔╲┈╱▔╲┈┈╱╲╱▔▏┈ #
# ▕▏┈▏╱▉╲┈┈╱▉╲▕▏┈ ## ▕▏┈▏╱▉╲┈┈╱▉╲▕▏┈ #
# ┈╲▃▏▔▔▔╲▂▂▂▕╱┈┈ ## ┈╲▃▏▔▔▔╲▂▂▂▕╱┈┈ #
# ┈┈┈▏┊┊┳┊╲▂╱┳▏┈┈ ## ┈┈┈▏┊┊┳┊╲▂╱┳▏┈┈ #
# ┈┈▕╲▂┊╰━━┻━╱┈┈┈ ## ┈┈▕╲▂┊╰━━┻━╱┈┈┈ #
# ┈┈╱┈┈▔▔╲▂▂╱╲┈┈┈ ## ┈┈╱┈┈▔▔╲▂▂╱╲┈┈┈ #
######################################
# ┈╱▔╲▂╱╱╱╱▂╱▔╲┈┈ ## ┈╱▔╲▂╱╱╱╱▂╱▔╲┈┈ #
# ▕▔╲┈╱▔╲┈┈╱╲╱▔▏┈ ## ▕▔╲┈╱▔╲┈┈╱╲╱▔▏┈ #
# ▕▏┈▏╱▉╲┈┈╱▉╲▕▏┈ ## ▕▏┈▏╱▉╲┈┈╱▉╲▕▏┈ #
# ┈╲▃▏▔▔▔╲▂▂▂▕╱┈┈ ## ┈╲▃▏▔▔▔╲▂▂▂▕╱┈┈ #
# ┈┈…</h3>
<span class="code">
<pre>java.lang.AssertionError: You applied the photoshop filters incorrect, for the input: yes
simba
squared
 the filtered image must be
######################################
# ┈╱▔╲▂╱╱╱╱▂╱▔╲┈┈ ## ┈╱▔╲▂╱╱╱╱▂╱▔╲┈┈ #
# ▕▔╲┈╱▔╲┈┈╱╲╱▔▏┈ ## ▕▔╲┈╱▔╲┈┈╱╲╱▔▏┈ #
# ▕▏┈▏╱▉╲┈┈╱▉╲▕▏┈ ## ▕▏┈▏╱▉╲┈┈╱▉╲▕▏┈ #
# ┈╲▃▏▔▔▔╲▂▂▂▕╱┈┈ ## ┈╲▃▏▔▔▔╲▂▂▂▕╱┈┈ #
# ┈┈┈▏┊┊┳┊╲▂╱┳▏┈┈ ## ┈┈┈▏┊┊┳┊╲▂╱┳▏┈┈ #
# ┈┈▕╲▂┊╰━━┻━╱┈┈┈ ## ┈┈▕╲▂┊╰━━┻━╱┈┈┈ #
# ┈┈╱┈┈▔▔╲▂▂╱╲┈┈┈ ## ┈┈╱┈┈▔▔╲▂▂╱╲┈┈┈ #
######################################
# ┈╱▔╲▂╱╱╱╱▂╱▔╲┈┈ ## ┈╱▔╲▂╱╱╱╱▂╱▔╲┈┈ #
# ▕▔╲┈╱▔╲┈┈╱╲╱▔▏┈ ## ▕▔╲┈╱▔╲┈┈╱╲╱▔▏┈ #
# ▕▏┈▏╱▉╲┈┈╱▉╲▕▏┈ ## ▕▏┈▏╱▉╲┈┈╱▉╲▕▏┈ #
# ┈╲▃▏▔▔▔╲▂▂▂▕╱┈┈ ## ┈╲▃▏▔▔▔╲▂▂▂▕╱┈┈ #
# ┈┈┈▏┊┊┳┊╲▂╱┳▏┈┈ ## ┈┈┈▏┊┊┳┊╲▂╱┳▏┈┈ #
# ┈┈▕╲▂┊╰━━┻━╱┈┈┈ ## ┈┈▕╲▂┊╰━━┻━╱┈┈┈ #
# ┈┈╱┈┈▔▔╲▂▂╱╲┈┈┈ ## ┈┈╱┈┈▔▔╲▂▂╱╲┈┈┈ #
######################################
	at Test.testPhotoshopImplementation(Tests.kt:134)
	at java.base/jdk.internal.reflect.DirectMethodHandleAccessor.invoke(DirectMethodHandleAccessor.java:103)
	at java.base/java.lang.reflect.Method.invoke(Method.java:580)
	at org.junit.platform.commons.util.ReflectionUtils.invokeMethod(ReflectionUtils.java:727)
	at org.junit.jupiter.engine.execution.MethodInvocation.proceed(MethodInvocation.java:60)
	at org.junit.jupiter.engine.execution.InvocationInterceptorChain$ValidatingInvocation.proceed(InvocationInterceptorChain.java:131)
	at org.junit.jupiter.engine.extension.TimeoutExtension.intercept(TimeoutExtension.java:156)
	at org.junit.jupiter.engine.extension.TimeoutExtension.interceptTestableMethod(TimeoutExtension.java:147)
	at org.junit.jupiter.engine.extension.TimeoutExtension.interceptTestTemplateMethod(TimeoutExtension.java:94)
	at org.junit.jupiter.engine.execution.InterceptingExecutableInvoker$ReflectiveInterceptorCall.lambda$ofVoidMethod$0(InterceptingExecutableInvoker.java:103)
	at org.junit.jupiter.engine.execution.InterceptingExecutableInvoker.lambda$invoke$0(InterceptingExecutableInvoker.java:93)
	at org.junit.jupiter.engine.execution.InvocationInterceptorChain$InterceptedInvocation.proceed(InvocationInterceptorChain.java:106)
	at org.junit.jupiter.engine.execution.InvocationInterceptorChain.proceed(InvocationInterceptorChain.java:64)
	at org.junit.jupiter.engine.execution.InvocationInterceptorChain.chainAndInvoke(InvocationInterceptorChain.java:45)
	at org.junit.jupiter.engine.execution.InvocationInterceptorChain.invoke(InvocationInterceptorChain.java:37)
	at org.junit.jupiter.engine.execution.InterceptingExecutableInvoker.invoke(InterceptingExecutableInvoker.java:92)
	at org.junit.jupiter.engine.execution.InterceptingExecutableInvoker.invoke(InterceptingExecutableInvoker.java:86)
	at org.junit.jupiter.engine.descriptor.TestMethodTestDescriptor.lambda$invokeTestMethod$7(TestMethodTestDescriptor.java:217)
	at org.junit.platform.engine.support.hierarchical.ThrowableCollector.execute(ThrowableCollector.java:73)
	at org.junit.jupiter.engine.descriptor.TestMethodTestDescriptor.invokeTestMethod(TestMethodTestDescriptor.java:213)
	at org.junit.jupiter.engine.descriptor.TestMethodTestDescriptor.execute(TestMethodTestDescriptor.java:138)
	at org.junit.jupiter.engine.descriptor.TestMethodTestDescriptor.execute(TestMethodTestDescriptor.java:68)
	at org.junit.platform.engine.support.hierarchical.NodeTestTask.lambda$executeRecursively$6(NodeTestTask.java:151)
	at org.junit.platform.engine.support.hierarchical.ThrowableCollector.execute(ThrowableCollector.java:73)
	at org.junit.platform.engine.support.hierarchical.NodeTestTask.lambda$executeRecursively$8(NodeTestTask.java:141)
	at org.junit.platform.engine.support.hierarchical.Node.around(Node.java:137)
	at org.junit.platform.engine.support.hierarchical.NodeTestTask.lambda$executeRecursively$9(NodeTestTask.java:139)
	at org.junit.platform.engine.support.hierarchical.ThrowableCollector.execute(ThrowableCollector.java:73)
	at org.junit.platform.engine.support.hierarchical.NodeTestTask.executeRecursively(NodeTestTask.java:138)
	at org.junit.platform.engine.support.hierarchical.NodeTestTask.execute(NodeTestTask.java:95)
	at org.junit.platform.engine.support.hierarchical.SameThreadHierarchicalTestExecutorService.submit(SameThreadHierarchicalTestExecutorService.java:35)
	at org.junit.platform.engine.support.hierarchical.NodeTestTask$DefaultDynamicTestExecutor.execute(NodeTestTask.java:226)
	at org.junit.platform.engine.support.hierarchical.NodeTestTask$DefaultDynamicTestExecutor.execute(NodeTestTask.java:204)
	at org.junit.jupiter.engine.descriptor.TestTemplateTestDescriptor.execute(TestTemplateTestDescriptor.java:142)
	at org.junit.jupiter.engine.descriptor.TestTemplateTestDescriptor.lambda$execute$2(TestTemplateTestDescriptor.java:110)
	at java.base/java.util.stream.ForEachOps$ForEachOp$OfRef.accept(ForEachOps.java:184)
	at java.base/java.util.stream.ReferencePipeline$3$1.accept(ReferencePipeline.java:197)
	at java.base/java.util.stream.ReferencePipeline$2$1.accept(ReferencePipeline.java:179)
	at java.base/java.util.stream.ReferencePipeline$3$1.accept(ReferencePipeline.java:197)
	at java.base/java.util.stream.ForEachOps$ForEachOp$OfRef.accept(ForEachOps.java:184)
	at java.base/java.util.stream.ReferencePipeline$3$1.accept(ReferencePipeline.java:197)
	at java.base/java.util.stream.ReferencePipeline$3$1.accept(ReferencePipeline.java:197)
	at java.base/java.util.stream.ReferencePipeline$3$1.accept(ReferencePipeline.java:197)
	at java.base/java.util.stream.ForEachOps$ForEachOp$OfRef.accept(ForEachOps.java:184)
	at java.base/java.util.stream.ReferencePipeline$3$1.accept(ReferencePipeline.java:197)
	at java.base/java.util.Spliterators$ArraySpliterator.forEachRemaining(Spliterators.java:1024)
	at java.base/java.util.stream.ReferencePipeline$Head.forEach(ReferencePipeline.java:762)
	at java.base/java.util.stream.ReferencePipeline$7$1.accept(ReferencePipeline.java:276)
	at java.base/java.util.stream.ReferencePipeline$3$1.accept(ReferencePipeline.java:197)
	at java.base/java.util.stream.ReferencePipeline$3$1.accept(ReferencePipeline.java:197)
	at java.base/java.util.Spliterators$ArraySpliterator.forEachRemaining(Spliterators.java:1024)
	at java.base/java.util.stream.AbstractPipeline.copyInto(AbstractPipeline.java:509)
	at java.base/java.util.stream.AbstractPipeline.wrapAndCopyInto(AbstractPipeline.java:499)
	at java.base/java.util.stream.ForEachOps$ForEachOp.evaluateSequential(ForEachOps.java:151)
	at java.base/java.util.stream.ForEachOps$ForEachOp$OfRef.evaluateSequential(ForEachOps.java:174)
	at java.base/java.util.stream.AbstractPipeline.evaluate(AbstractPipeline.java:234)
	at java.base/java.util.stream.ReferencePipeline.forEach(ReferencePipeline.java:596)
	at java.base/java.util.stream.ReferencePipeline$7$1.accept(ReferencePipeline.java:276)
	at java.base/java.util.stream.ReferencePipeline$3$1.accept(ReferencePipeline.java:197)
	at java.base/java.util.stream.ReferencePipeline$3$1.accept(ReferencePipeline.java:197)
	at java.base/java.util.stream.ReferencePipeline$3$1.accept(ReferencePipeline.java:197)
	at java.base/java.util.ArrayList$ArrayListSpliterator.forEachRemaining(ArrayList.java:1708)
	at java.base/java.util.stream.AbstractPipeline.copyInto(AbstractPipeline.java:509)
	at java.base/java.util.stream.AbstractPipeline.wrapAndCopyInto(AbstractPipeline.java:499)
	at java.base/java.util.stream.ForEachOps$ForEachOp.evaluateSequential(ForEachOps.java:151)
	at java.base/java.util.stream.ForEachOps$ForEachOp$OfRef.evaluateSequential(ForEachOps.java:174)
	at java.base/java.util.stream.AbstractPipeline.evaluate(AbstractPipeline.java:234)
	at java.base/java.util.stream.ReferencePipeline.forEach(ReferencePipeline.java:596)
	at java.base/java.util.stream.ReferencePipeline$7$1.accept(ReferencePipeline.java:276)
	at java.base/java.util.ArrayList$ArrayListSpliterator.forEachRemaining(ArrayList.java:1708)
	at java.base/java.util.stream.AbstractPipeline.copyInto(AbstractPipeline.java:509)
	at java.base/java.util.stream.AbstractPipeline.wrapAndCopyInto(AbstractPipeline.java:499)
	at java.base/java.util.stream.ForEachOps$ForEachOp.evaluateSequential(ForEachOps.java:151)
	at java.base/java.util.stream.ForEachOps$ForEachOp$OfRef.evaluateSequential(ForEachOps.java:174)
	at java.base/java.util.stream.AbstractPipeline.evaluate(AbstractPipeline.java:234)
	at java.base/java.util.stream.ReferencePipeline.forEach(ReferencePipeline.java:596)
	at org.junit.jupiter.engine.descriptor.TestTemplateTestDescriptor.execute(TestTemplateTestDescriptor.java:110)
	at org.junit.jupiter.engine.descriptor.TestTemplateTestDescriptor.execute(TestTemplateTestDescriptor.java:44)
	at org.junit.platform.engine.support.hierarchical.NodeTestTask.lambda$executeRecursively$6(NodeTestTask.java:151)
	at org.junit.platform.engine.support.hierarchical.ThrowableCollector.execute(ThrowableCollector.java:73)
	at org.junit.platform.engine.support.hierarchical.NodeTestTask.lambda$executeRecursively$8(NodeTestTask.java:141)
	at org.junit.platform.engine.support.hierarchical.Node.around(Node.java:137)
	at org.junit.platform.engine.support.hierarchical.NodeTestTask.lambda$executeRecursively$9(NodeTestTask.java:139)
	at org.junit.platform.engine.support.hierarchical.ThrowableCollector.execute(ThrowableCollector.java:73)
	at org.junit.platform.engine.support.hierarchical.NodeTestTask.executeRecursively(NodeTestTask.java:138)
	at org.junit.platform.engine.support.hierarchical.NodeTestTask.execute(NodeTestTask.java:95)
	at java.base/java.util.ArrayList.forEach(ArrayList.java:1596)
	at org.junit.platform.engine.support.hierarchical.SameThreadHierarchicalTestExecutorService.invokeAll(SameThreadHierarchicalTestExecutorService.java:41)
	at org.junit.platform.engine.support.hierarchical.NodeTestTask.lambda$executeRecursively$6(NodeTestTask.java:155)
	at org.junit.platform.engine.support.hierarchical.ThrowableCollector.execute(ThrowableCollector.java:73)
	at org.junit.platform.engine.support.hierarchical.NodeTestTask.lambda$executeRecursively$8(NodeTestTask.java:141)
	at org.junit.platform.engine.support.hierarchical.Node.around(Node.java:137)
	at org.junit.platform.engine.support.hierarchical.NodeTestTask.lambda$executeRecursively$9(NodeTestTask.java:139)
	at org.junit.platform.engine.support.hierarchical.ThrowableCollector.execute(ThrowableCollector.java:73)
	at org.junit.platform.engine.support.hierarchical.NodeTestTask.executeRecursively(NodeTestTask.java:138)
	at org.junit.platform.engine.support.hierarchical.NodeTestTask.execute(NodeTestTask.java:95)
	at java.base/java.util.ArrayList.forEach(ArrayList.java:1596)
	at org.junit.platform.engine.support.hierarchical.SameThreadHierarchicalTestExecutorService.invokeAll(SameThreadHierarchicalTestExecutorService.java:41)
	at org.junit.platform.engine.support.hierarchical.NodeTestTask.lambda$executeRecursively$6(NodeTestTask.java:155)
	at org.junit.platform.engine.support.hierarchical.ThrowableCollector.execute(ThrowableCollector.java:73)
	at org.junit.platform.engine.support.hierarchical.NodeTestTask.lambda$executeRecursively$8(NodeTestTask.java:141)
	at org.junit.platform.engine.support.hierarchical.Node.around(Node.java:137)
	at org.junit.platform.engine.support.hierarchical.NodeTestTask.lambda$executeRecursively$9(NodeTestTask.java:139)
	at org.junit.platform.engine.support.hierarchical.ThrowableCollector.execute(ThrowableCollector.java:73)
	at org.junit.platform.engine.support.hierarchical.NodeTestTask.executeRecursively(NodeTestTask.java:138)
	at org.junit.platform.engine.support.hierarchical.NodeTestTask.execute(NodeTestTask.java:95)
	at org.junit.platform.engine.support.hierarchical.SameThreadHierarchicalTestExecutorService.submit(SameThreadHierarchicalTestExecutorService.java:35)
	at org.junit.platform.engine.support.hierarchical.HierarchicalTestExecutor.execute(HierarchicalTestExecutor.java:57)
	at org.junit.platform.engine.support.hierarchical.HierarchicalTestEngine.execute(HierarchicalTestEngine.java:54)
	at org.junit.platform.launcher.core.EngineExecutionOrchestrator.execute(EngineExecutionOrchestrator.java:147)
	at org.junit.platform.launcher.core.EngineExecutionOrchestrator.execute(EngineExecutionOrchestrator.java:127)
	at org.junit.platform.launcher.core.EngineExecutionOrchestrator.execute(EngineExecutionOrchestrator.java:90)
	at org.junit.platform.launcher.core.EngineExecutionOrchestrator.lambda$execute$0(EngineExecutionOrchestrator.java:55)
	at org.junit.platform.launcher.core.EngineExecutionOrchestrator.withInterceptedStreams(EngineExecutionOrchestrator.java:102)
	at org.junit.platform.launcher.core.EngineExecutionOrchestrator.execute(EngineExecutionOrchestrator.java:54)
	at org.junit.platform.launcher.core.DefaultLauncher.execute(DefaultLauncher.java:114)
	at org.junit.platform.launcher.core.DefaultLauncher.execute(DefaultLauncher.java:86)
	at org.junit.platform.launcher.core.DefaultLauncherSession$DelegatingLauncher.execute(DefaultLauncherSession.java:86)
	at org.gradle.api.internal.tasks.testing.junitplatform.JUnitPlatformTestClassProcessor$CollectAllTestClassesExecutor.processAllTestClasses(JUnitPlatformTestClassProcessor.java:124)
	at org.gradle.api.internal.tasks.testing.junitplatform.JUnitPlatformTestClassProcessor$CollectAllTestClassesExecutor.access$000(JUnitPlatformTestClassProcessor.java:99)
	at org.gradle.api.internal.tasks.testing.junitplatform.JUnitPlatformTestClassProcessor.stop(JUnitPlatformTestClassProcessor.java:94)
	at org.gradle.api.internal.tasks.testing.SuiteTestClassProcessor.stop(SuiteTestClassProcessor.java:63)
	at java.base/jdk.internal.reflect.DirectMethodHandleAccessor.invoke(DirectMethodHandleAccessor.java:103)
	at java.base/java.lang.reflect.Method.invoke(Method.java:580)
	at org.gradle.internal.dispatch.ReflectionDispatch.dispatch(ReflectionDispatch.java:36)
	at org.gradle.internal.dispatch.ReflectionDispatch.dispatch(ReflectionDispatch.java:24)
	at org.gradle.internal.dispatch.ContextClassLoaderDispatch.dispatch(ContextClassLoaderDispatch.java:33)
	at org.gradle.internal.dispatch.ProxyDispatchAdapter$DispatchingInvocationHandler.invoke(ProxyDispatchAdapter.java:92)
	at jdk.proxy1/jdk.proxy1.$Proxy4.stop(Unknown Source)
	at org.gradle.api.internal.tasks.testing.worker.TestWorker$3.run(TestWorker.java:200)
	at org.gradle.api.internal.tasks.testing.worker.TestWorker.executeAndMaintainThreadName(TestWorker.java:132)
	at org.gradle.api.internal.tasks.testing.worker.TestWorker.execute(TestWorker.java:103)
	at org.gradle.api.internal.tasks.testing.worker.TestWorker.execute(TestWorker.java:63)
	at org.gradle.process.internal.worker.child.ActionExecutionWorker.execute(ActionExecutionWorker.java:56)
	at org.gradle.process.internal.worker.child.SystemApplicationClassLoaderWorker.call(SystemApplicationClassLoaderWorker.java:121)
	at org.gradle.process.internal.worker.child.SystemApplicationClassLoaderWorker.call(SystemApplicationClassLoaderWorker.java:71)
	at worker.org.gradle.process.internal.worker.GradleWorkerMain.run(GradleWorkerMain.java:69)
	at worker.org.gradle.process.internal.worker.GradleWorkerMain.main(GradleWorkerMain.java:74)
</pre>
</span>
</div>
</div>
<div id="tab1" class="tab">
<h2>Tests</h2>
<table>
<thead>
<tr>
<th>Test</th>
<th>Method name</th>
<th>Duration</th>
<th>Result</th>
</tr>
</thead>
<tr>
<td class="success">smokeTest()</td>
<td class="success">smokeTest()</td>
<td class="success">0.015s</td>
<td class="success">passed</td>
</tr>
<tr>
<td class="success">testApplyBordersFilterFunction()</td>
<td class="success">testApplyBordersFilterFunction()</td>
<td class="success">0.001s</td>
<td class="success">passed</td>
</tr>
<tr>
<td class="success">[10] APPLE</td>
<td class="success">testApplyBordersFilterImplementation(Image)[10]</td>
<td class="success">0s</td>
<td class="success">passed</td>
</tr>
<tr>
<td class="success">[11] CUSTOM</td>
<td class="success">testApplyBordersFilterImplementation(Image)[11]</td>
<td class="success">0s</td>
<td class="success">passed</td>
</tr>
<tr>
<td class="success">[1] SPONGE_BOB</td>
<td class="success">testApplyBordersFilterImplementation(Image)[1]</td>
<td class="success">0.001s</td>
<td class="success">passed</td>
</tr>
<tr>
<td class="success">[2] SIMBA</td>
<td class="success">testApplyBordersFilterImplementation(Image)[2]</td>
<td class="success">0s</td>
<td class="success">passed</td>
</tr>
<tr>
<td class="success">[3] BRIAN_GRIFFIN</td>
<td class="success">testApplyBordersFilterImplementation(Image)[3]</td>
<td class="success">0s</td>
<td class="success">passed</td>
</tr>
<tr>
<td class="success">[4] CAT</td>
<td class="success">testApplyBordersFilterImplementation(Image)[4]</td>
<td class="success">0s</td>
<td class="success">passed</td>
</tr>
<tr>
<td class="success">[5] PIG</td>
<td class="success">testApplyBordersFilterImplementation(Image)[5]</td>
<td class="success">0s</td>
<td class="success">passed</td>
</tr>
<tr>
<td class="success">[6] FOX</td>
<td class="success">testApplyBordersFilterImplementation(Image)[6]</td>
<td class="success">0s</td>
<td class="success">passed</td>
</tr>
<tr>
<td class="success">[7] MONKEY</td>
<td class="success">testApplyBordersFilterImplementation(Image)[7]</td>
<td class="success">0s</td>
<td class="success">passed</td>
</tr>
<tr>
<td class="success">[8] ELEPHANT</td>
<td class="success">testApplyBordersFilterImplementation(Image)[8]</td>
<td class="success">0s</td>
<td class="success">passed</td>
</tr>
<tr>
<td class="success">[9] ANDROID</td>
<td class="success">testApplyBordersFilterImplementation(Image)[9]</td>
<td class="success">0s</td>
<td class="success">passed</td>
</tr>
<tr>
<td class="success">testApplyFilterFunction()</td>
<td class="success">testApplyFilterFunction()</td>
<td class="success">0.001s</td>
<td class="success">passed</td>
</tr>
<tr>
<td class="success">[10] APPLE</td>
<td class="success">testApplyFilterImplementationBorders(Image)[10]</td>
<td class="success">0s</td>
<td class="success">passed</td>
</tr>
<tr>
<td class="success">[11] CUSTOM</td>
<td class="success">testApplyFilterImplementationBorders(Image)[11]</td>
<td class="success">0s</td>
<td class="success">passed</td>
</tr>
<tr>
<td class="success">[1] SPONGE_BOB</td>
<td class="success">testApplyFilterImplementationBorders(Image)[1]</td>
<td class="success">0s</td>
<td class="success">passed</td>
</tr>
<tr>
<td class="success">[2] SIMBA</td>
<td class="success">testApplyFilterImplementationBorders(Image)[2]</td>
<td class="success">0s</td>
<td class="success">passed</td>
</tr>
<tr>
<td class="success">[3] BRIAN_GRIFFIN</td>
<td class="success">testApplyFilterImplementationBorders(Image)[3]</td>
<td class="success">0.001s</td>
<td class="success">passed</td>
</tr>
<tr>
<td class="success">[4] CAT</td>
<td class="success">testApplyFilterImplementationBorders(Image)[4]</td>
<td class="success">0s</td>
<td class="success">passed</td>
</tr>
<tr>
<td class="success">[5] PIG</td>
<td class="success">testApplyFilterImplementationBorders(Image)[5]</td>
<td class="success">0.001s</td>
<td class="success">passed</td>
</tr>
<tr>
<td class="success">[6] FOX</td>
<td class="success">testApplyFilterImplementationBorders(Image)[6]</td>
<td class="success">0s</td>
<td class="success">passed</td>
</tr>
<tr>
<td class="success">[7] MONKEY</td>
<td class="success">testApplyFilterImplementationBorders(Image)[7]</td>
<td class="success">0s</td>
<td class="success">passed</td>
</tr>
<tr>
<td class="success">[8] ELEPHANT</td>
<td class="success">testApplyFilterImplementationBorders(Image)[8]</td>
<td class="success">0.001s</td>
<td class="success">passed</td>
</tr>
<tr>
<td class="success">[9] ANDROID</td>
<td class="success">testApplyFilterImplementationBorders(Image)[9]</td>
<td class="success">0s</td>
<td class="success">passed</td>
</tr>
<tr>
<td class="success">[10] APPLE</td>
<td class="success">testApplyFilterImplementationSquare(Image)[10]</td>
<td class="success">0s</td>
<td class="success">passed</td>
</tr>
<tr>
<td class="success">[11] CUSTOM</td>
<td class="success">testApplyFilterImplementationSquare(Image)[11]</td>
<td class="success">0s</td>
<td class="success">passed</td>
</tr>
<tr>
<td class="success">[1] SPONGE_BOB</td>
<td class="success">testApplyFilterImplementationSquare(Image)[1]</td>
<td class="success">0.001s</td>
<td class="success">passed</td>
</tr>
<tr>
<td class="success">[2] SIMBA</td>
<td class="success">testApplyFilterImplementationSquare(Image)[2]</td>
<td class="success">0.001s</td>
<td class="success">passed</td>
</tr>
<tr>
<td class="success">[3] BRIAN_GRIFFIN</td>
<td class="success">testApplyFilterImplementationSquare(Image)[3]</td>
<td class="success">0.001s</td>
<td class="success">passed</td>
</tr>
<tr>
<td class="success">[4] CAT</td>
<td class="success">testApplyFilterImplementationSquare(Image)[4]</td>
<td class="success">0.001s</td>
<td class="success">passed</td>
</tr>
<tr>
<td class="success">[5] PIG</td>
<td class="success">testApplyFilterImplementationSquare(Image)[5]</td>
<td class="success">0s</td>
<td class="success">passed</td>
</tr>
<tr>
<td class="success">[6] FOX</td>
<td class="success">testApplyFilterImplementationSquare(Image)[6]</td>
<td class="success">0s</td>
<td class="success">passed</td>
</tr>
<tr>
<td class="success">[7] MONKEY</td>
<td class="success">testApplyFilterImplementationSquare(Image)[7]</td>
<td class="success">0.001s</td>
<td class="success">passed</td>
</tr>
<tr>
<td class="success">[8] ELEPHANT</td>
<td class="success">testApplyFilterImplementationSquare(Image)[8]</td>
<td class="success">0.001s</td>
<td class="success">passed</td>
</tr>
<tr>
<td class="success">[9] ANDROID</td>
<td class="success">testApplyFilterImplementationSquare(Image)[9]</td>
<td class="success">0.001s</td>
<td class="success">passed</td>
</tr>
<tr>
<td class="success">testApplySquaredFilterFunction()</td>
<td class="success">testApplySquaredFilterFunction()</td>
<td class="success">0.004s</td>
<td class="success">passed</td>
</tr>
<tr>
<td class="success">[10] APPLE</td>
<td class="success">testApplySquaredFilterImplementation(Image)[10]</td>
<td class="success">0s</td>
<td class="success">passed</td>
</tr>
<tr>
<td class="success">[11] CUSTOM</td>
<td class="success">testApplySquaredFilterImplementation(Image)[11]</td>
<td class="success">0.001s</td>
<td class="success">passed</td>
</tr>
<tr>
<td class="success">[1] SPONGE_BOB</td>
<td class="success">testApplySquaredFilterImplementation(Image)[1]</td>
<td class="success">0.003s</td>
<td class="success">passed</td>
</tr>
<tr>
<td class="success">[2] SIMBA</td>
<td class="success">testApplySquaredFilterImplementation(Image)[2]</td>
<td class="success">0s</td>
<td class="success">passed</td>
</tr>
<tr>
<td class="success">[3] BRIAN_GRIFFIN</td>
<td class="success">testApplySquaredFilterImplementation(Image)[3]</td>
<td class="success">0s</td>
<td class="success">passed</td>
</tr>
<tr>
<td class="success">[4] CAT</td>
<td class="success">testApplySquaredFilterImplementation(Image)[4]</td>
<td class="success">0s</td>
<td class="success">passed</td>
</tr>
<tr>
<td class="success">[5] PIG</td>
<td class="success">testApplySquaredFilterImplementation(Image)[5]</td>
<td class="success">0s</td>
<td class="success">passed</td>
</tr>
<tr>
<td class="success">[6] FOX</td>
<td class="success">testApplySquaredFilterImplementation(Image)[6]</td>
<td class="success">0.001s</td>
<td class="success">passed</td>
</tr>
<tr>
<td class="success">[7] MONKEY</td>
<td class="success">testApplySquaredFilterImplementation(Image)[7]</td>
<td class="success">0.001s</td>
<td class="success">passed</td>
</tr>
<tr>
<td class="success">[8] ELEPHANT</td>
<td class="success">testApplySquaredFilterImplementation(Image)[8]</td>
<td class="success">0.001s</td>
<td class="success">passed</td>
</tr>
<tr>
<td class="success">[9] ANDROID</td>
<td class="success">testApplySquaredFilterImplementation(Image)[9]</td>
<td class="success">0s</td>
<td class="success">passed</td>
</tr>
<tr>
<td class="success">testChooseFilterFunction()</td>
<td class="success">testChooseFilterFunction()</td>
<td class="success">0.001s</td>
<td class="success">passed</td>
</tr>
<tr>
<td class="success">[1] borders
, true, borders</td>
<td class="success">testChooseFilterImplementation(String, boolean, String)[1]</td>
<td class="success">0s</td>
<td class="success">passed</td>
</tr>
<tr>
<td class="success">[2] borders
borders
, false, borders</td>
<td class="success">testChooseFilterImplementation(String, boolean, String)[2]</td>
<td class="success">0.001s</td>
<td class="success">passed</td>
</tr>
<tr>
<td class="success">[3] squared
, true, squared</td>
<td class="success">testChooseFilterImplementation(String, boolean, String)[3]</td>
<td class="success">0s</td>
<td class="success">passed</td>
</tr>
<tr>
<td class="success">[4] squared
squared
, false, squared</td>
<td class="success">testChooseFilterImplementation(String, boolean, String)[4]</td>
<td class="success">0s</td>
<td class="success">passed</td>
</tr>
<tr>
<td class="success">[5] squared1
squared
, true, squared</td>
<td class="success">testChooseFilterImplementation(String, boolean, String)[5]</td>
<td class="success">0.001s</td>
<td class="success">passed</td>
</tr>
<tr>
<td class="success">[6] borders1
borders
, true, borders</td>
<td class="success">testChooseFilterImplementation(String, boolean, String)[6]</td>
<td class="success">0.001s</td>
<td class="success">passed</td>
</tr>
<tr>
<td class="success">testChoosePictureFunction()</td>
<td class="success">testChoosePictureFunction()</td>
<td class="success">0.001s</td>
<td class="success">passed</td>
</tr>
<tr>
<td class="success">[1] simba
, true, 
    ┈╱▔╲▂╱╱╱╱▂╱▔╲┈┈
    ▕▔╲┈╱▔╲┈┈╱╲╱▔▏┈
    ▕▏┈▏╱▉╲┈┈╱▉╲▕▏┈
    ┈╲▃▏▔▔▔╲▂▂▂▕╱┈┈
    ┈┈┈▏┊┊┳┊╲▂╱┳▏┈┈
    ┈┈▕╲▂┊╰━━┻━╱┈┈┈
    ┈┈╱┈┈▔▔╲▂▂╱╲┈┈┈
</td>
<td class="success">testChoosePictureImplementation(String, boolean, String)[1]</td>
<td class="success">0.006s</td>
<td class="success">passed</td>
</tr>
<tr>
<td class="success">[2] simba
simba
, false, 
    ┈╱▔╲▂╱╱╱╱▂╱▔╲┈┈
    ▕▔╲┈╱▔╲┈┈╱╲╱▔▏┈
    ▕▏┈▏╱▉╲┈┈╱▉╲▕▏┈
    ┈╲▃▏▔▔▔╲▂▂▂▕╱┈┈
    ┈┈┈▏┊┊┳┊╲▂╱┳▏┈┈
    ┈┈▕╲▂┊╰━━┻━╱┈┈┈
    ┈┈╱┈┈▔▔╲▂▂╱╲┈┈┈
</td>
<td class="success">testChoosePictureImplementation(String, boolean, String)[2]</td>
<td class="success">0s</td>
<td class="success">passed</td>
</tr>
<tr>
<td class="success">[3] simba1
simba
, true, 
    ┈╱▔╲▂╱╱╱╱▂╱▔╲┈┈
    ▕▔╲┈╱▔╲┈┈╱╲╱▔▏┈
    ▕▏┈▏╱▉╲┈┈╱▉╲▕▏┈
    ┈╲▃▏▔▔▔╲▂▂▂▕╱┈┈
    ┈┈┈▏┊┊┳┊╲▂╱┳▏┈┈
    ┈┈▕╲▂┊╰━━┻━╱┈┈┈
    ┈┈╱┈┈▔▔╲▂▂╱╲┈┈┈
</td>
<td class="success">testChoosePictureImplementation(String, boolean, String)[3]</td>
<td class="success">0s</td>
<td class="success">passed</td>
</tr>
<tr>
<td class="success">testGetPictureFunction()</td>
<td class="success">testGetPictureFunction()</td>
<td class="success">0s</td>
<td class="success">passed</td>
</tr>
<tr>
<td class="success">[10] yess
no
^_^
^_^
, false, ^_^</td>
<td class="success">testGetPictureImplementation(String, boolean, String)[10]</td>
<td class="success">0s</td>
<td class="success">passed</td>
</tr>
<tr>
<td class="success">[1] yes
simba
, true, 
    ┈╱▔╲▂╱╱╱╱▂╱▔╲┈┈
    ▕▔╲┈╱▔╲┈┈╱╲╱▔▏┈
    ▕▏┈▏╱▉╲┈┈╱▉╲▕▏┈
    ┈╲▃▏▔▔▔╲▂▂▂▕╱┈┈
    ┈┈┈▏┊┊┳┊╲▂╱┳▏┈┈
    ┈┈▕╲▂┊╰━━┻━╱┈┈┈
    ┈┈╱┈┈▔▔╲▂▂╱╲┈┈┈
</td>
<td class="success">testGetPictureImplementation(String, boolean, String)[1]</td>
<td class="success">0.001s</td>
<td class="success">passed</td>
</tr>
<tr>
<td class="success">[2] yes
simba
simba
, false, 
    ┈╱▔╲▂╱╱╱╱▂╱▔╲┈┈
    ▕▔╲┈╱▔╲┈┈╱╲╱▔▏┈
    ▕▏┈▏╱▉╲┈┈╱▉╲▕▏┈
    ┈╲▃▏▔▔▔╲▂▂▂▕╱┈┈
    ┈┈┈▏┊┊┳┊╲▂╱┳▏┈┈
    ┈┈▕╲▂┊╰━━┻━╱┈┈┈
    ┈┈╱┈┈▔▔╲▂▂╱╲┈┈┈
</td>
<td class="success">testGetPictureImplementation(String, boolean, String)[2]</td>
<td class="success">0s</td>
<td class="success">passed</td>
</tr>
<tr>
<td class="success">[3] yes
simba1
simba
, true, 
    ┈╱▔╲▂╱╱╱╱▂╱▔╲┈┈
    ▕▔╲┈╱▔╲┈┈╱╲╱▔▏┈
    ▕▏┈▏╱▉╲┈┈╱▉╲▕▏┈
    ┈╲▃▏▔▔▔╲▂▂▂▕╱┈┈
    ┈┈┈▏┊┊┳┊╲▂╱┳▏┈┈
    ┈┈▕╲▂┊╰━━┻━╱┈┈┈
    ┈┈╱┈┈▔▔╲▂▂╱╲┈┈┈
</td>
<td class="success">testGetPictureImplementation(String, boolean, String)[3]</td>
<td class="success">0s</td>
<td class="success">passed</td>
</tr>
<tr>
<td class="success">[4] yess
yes
simba
, true, 
    ┈╱▔╲▂╱╱╱╱▂╱▔╲┈┈
    ▕▔╲┈╱▔╲┈┈╱╲╱▔▏┈
    ▕▏┈▏╱▉╲┈┈╱▉╲▕▏┈
    ┈╲▃▏▔▔▔╲▂▂▂▕╱┈┈
    ┈┈┈▏┊┊┳┊╲▂╱┳▏┈┈
    ┈┈▕╲▂┊╰━━┻━╱┈┈┈
    ┈┈╱┈┈▔▔╲▂▂╱╲┈┈┈
</td>
<td class="success">testGetPictureImplementation(String, boolean, String)[4]</td>
<td class="success">0s</td>
<td class="success">passed</td>
</tr>
<tr>
<td class="success">[5] yess
yes
simba
simba
, false, 
    ┈╱▔╲▂╱╱╱╱▂╱▔╲┈┈
    ▕▔╲┈╱▔╲┈┈╱╲╱▔▏┈
    ▕▏┈▏╱▉╲┈┈╱▉╲▕▏┈
    ┈╲▃▏▔▔▔╲▂▂▂▕╱┈┈
    ┈┈┈▏┊┊┳┊╲▂╱┳▏┈┈
    ┈┈▕╲▂┊╰━━┻━╱┈┈┈
    ┈┈╱┈┈▔▔╲▂▂╱╲┈┈┈
</td>
<td class="success">testGetPictureImplementation(String, boolean, String)[5]</td>
<td class="success">0s</td>
<td class="success">passed</td>
</tr>
<tr>
<td class="success">[6] yess
yes
simba1
simba
, true, 
    ┈╱▔╲▂╱╱╱╱▂╱▔╲┈┈
    ▕▔╲┈╱▔╲┈┈╱╲╱▔▏┈
    ▕▏┈▏╱▉╲┈┈╱▉╲▕▏┈
    ┈╲▃▏▔▔▔╲▂▂▂▕╱┈┈
    ┈┈┈▏┊┊┳┊╲▂╱┳▏┈┈
    ┈┈▕╲▂┊╰━━┻━╱┈┈┈
    ┈┈╱┈┈▔▔╲▂▂╱╲┈┈┈
</td>
<td class="success">testGetPictureImplementation(String, boolean, String)[6]</td>
<td class="success">0s</td>
<td class="success">passed</td>
</tr>
<tr>
<td class="success">[7] no
^_^
, true, ^_^</td>
<td class="success">testGetPictureImplementation(String, boolean, String)[7]</td>
<td class="success">0s</td>
<td class="success">passed</td>
</tr>
<tr>
<td class="success">[8] no
^_^
^_^
, false, ^_^</td>
<td class="success">testGetPictureImplementation(String, boolean, String)[8]</td>
<td class="success">0s</td>
<td class="success">passed</td>
</tr>
<tr>
<td class="success">[9] yess
no
^_^
, true, ^_^</td>
<td class="success">testGetPictureImplementation(String, boolean, String)[9]</td>
<td class="success">0.001s</td>
<td class="success">passed</td>
</tr>
<tr>
<td class="success">testPhotoshopFunction()</td>
<td class="success">testPhotoshopFunction()</td>
<td class="success">0.001s</td>
<td class="success">passed</td>
</tr>
<tr>
<td class="failures">[1] yes
simba
borders
, ###################
# ┈╱▔╲▂╱╱╱╱▂╱▔╲┈┈ #
# ▕▔╲┈╱▔╲┈┈╱╲╱▔▏┈ #
# ▕▏┈▏╱▉╲┈┈╱▉╲▕▏┈ #
# ┈╲▃▏▔▔▔╲▂▂▂▕╱┈┈ #
# ┈┈┈▏┊┊┳┊╲▂╱┳▏┈┈ #
# ┈┈▕╲▂┊╰━━┻━╱┈┈┈ #
# ┈┈╱┈┈▔▔╲▂▂╱╲┈┈┈ #
###################</td>
<td class="failures">testPhotoshopImplementation(String, String)[1]</td>
<td class="failures">0.004s</td>
<td class="failures">failed</td>
</tr>
<tr>
<td class="failures">[2] yes
simba
squared
, ######################################
# ┈╱▔╲▂╱╱╱╱▂╱▔╲┈┈ ## ┈╱▔╲▂╱╱╱╱▂╱▔╲┈┈ #
# ▕▔╲┈╱▔╲┈┈╱╲╱▔▏┈ ## ▕▔╲┈╱▔╲┈┈╱╲╱▔▏┈ #
# ▕▏┈▏╱▉╲┈┈╱▉╲▕▏┈ ## ▕▏┈▏╱▉╲┈┈╱▉╲▕▏┈ #
# ┈╲▃▏▔▔▔╲▂▂▂▕╱┈┈ ## ┈╲▃▏▔▔▔╲▂▂▂▕╱┈┈ #
# ┈┈┈▏┊┊┳┊╲▂╱┳▏┈┈ ## ┈┈┈▏┊┊┳┊╲▂╱┳▏┈┈ #
# ┈┈▕╲▂┊╰━━┻━╱┈┈┈ ## ┈┈▕╲▂┊╰━━┻━╱┈┈┈ #
# ┈┈╱┈┈▔▔╲▂▂╱╲┈┈┈ ## ┈┈╱┈┈▔▔╲▂▂╱╲┈┈┈ #
######################################
# ┈╱▔╲▂╱╱╱╱▂╱▔╲┈┈ ## ┈╱▔╲▂╱╱╱╱▂╱▔╲┈┈ #
# ▕▔╲┈╱▔╲┈┈╱╲╱▔▏┈ ## ▕▔╲┈╱▔╲┈┈╱╲╱▔▏┈ #
# ▕▏┈▏╱▉╲┈┈╱▉╲▕▏┈ ## ▕▏┈▏╱▉╲┈┈╱▉╲▕▏┈ #
# ┈╲▃▏▔▔▔╲▂▂▂▕╱┈┈ ## ┈╲▃▏▔▔▔╲▂▂▂▕╱┈┈ #
# ┈┈…</td>
<td class="failures">testPhotoshopImplementation(String, String)[2]</td>
<td class="failures">0.001s</td>
<td class="failures">failed</td>
</tr>
<tr>
<td class="success">[3] no
^_^
borders
, #######
# ^_^ #
#######</td>
<td class="success">testPhotoshopImplementation(String, String)[3]</td>
<td class="success">0s</td>
<td class="success">passed</td>
</tr>
<tr>
<td class="success">[4] no
^_^
squared
, ##############
# ^_^ ## ^_^ #
##############
# ^_^ ## ^_^ #
##############</td>
<td class="success">testPhotoshopImplementation(String, String)[4]</td>
<td class="success">0s</td>
<td class="success">passed</td>
</tr>
<tr>
<td class="success">testSafeReadLineFunction()</td>
<td class="success">testSafeReadLineFunction()</td>
<td class="success">0s</td>
<td class="success">passed</td>
</tr>
<tr>
<td class="success">testSafeReadLineFunctionImplementation()</td>
<td class="success">testSafeReadLineFunctionImplementation()</td>
<td class="success">0s</td>
<td class="success">passed</td>
</tr>
<tr>
<td class="success">testTrimPictureFunction()</td>
<td class="success">testTrimPictureFunction()</td>
<td class="success">0.112s</td>
<td class="success">passed</td>
</tr>
<tr>
<td class="success">[10] APPLE</td>
<td class="success">testTrimPictureImplementation(Image)[10]</td>
<td class="success">0s</td>
<td class="success">passed</td>
</tr>
<tr>
<td class="success">[11] CUSTOM</td>
<td class="success">testTrimPictureImplementation(Image)[11]</td>
<td class="success">0s</td>
<td class="success">passed</td>
</tr>
<tr>
<td class="success">[1] SPONGE_BOB</td>
<td class="success">testTrimPictureImplementation(Image)[1]</td>
<td class="success">0.001s</td>
<td class="success">passed</td>
</tr>
<tr>
<td class="success">[2] SIMBA</td>
<td class="success">testTrimPictureImplementation(Image)[2]</td>
<td class="success">0s</td>
<td class="success">passed</td>
</tr>
<tr>
<td class="success">[3] BRIAN_GRIFFIN</td>
<td class="success">testTrimPictureImplementation(Image)[3]</td>
<td class="success">0s</td>
<td class="success">passed</td>
</tr>
<tr>
<td class="success">[4] CAT</td>
<td class="success">testTrimPictureImplementation(Image)[4]</td>
<td class="success">0s</td>
<td class="success">passed</td>
</tr>
<tr>
<td class="success">[5] PIG</td>
<td class="success">testTrimPictureImplementation(Image)[5]</td>
<td class="success">0s</td>
<td class="success">passed</td>
</tr>
<tr>
<td class="success">[6] FOX</td>
<td class="success">testTrimPictureImplementation(Image)[6]</td>
<td class="success">0s</td>
<td class="success">passed</td>
</tr>
<tr>
<td class="success">[7] MONKEY</td>
<td class="success">testTrimPictureImplementation(Image)[7]</td>
<td class="success">0.001s</td>
<td class="success">passed</td>
</tr>
<tr>
<td class="success">[8] ELEPHANT</td>
<td class="success">testTrimPictureImplementation(Image)[8]</td>
<td class="success">0s</td>
<td class="success">passed</td>
</tr>
<tr>
<td class="success">[9] ANDROID</td>
<td class="success">testTrimPictureImplementation(Image)[9]</td>
<td class="success">0s</td>
<td class="success">passed</td>
</tr>
</table>
</div>
</div>
<div id="footer">
<p>
<div>
<label class="hidden" id="label-for-line-wrapping-toggle" for="line-wrapping-toggle">Wrap lines
<input id="line-wrapping-toggle" type="checkbox" autocomplete="off"/>
</label>
</div>Generated by 
<a href="http://www.gradle.org">Gradle 8.10</a> at Aug 10, 2025, 7:31:06 PM</p>
</div>
</div>
</body>
</html>
